INFO:chatterbot.chatterbot:Beginning search for close text match
WARNING:chatterbot.chatterbot:No value for search_text was available on the provided input
INFO:chatterbot.chatterbot:Processing search results
INFO:chatterbot.chatterbot:Similar text found: q: battery not charging 0.93
INFO:chatterbot.chatterbot:Using "q: battery not charging" as a close match to "battery not charging" with a confidence of 0.93
INFO:chatterbot.chatterbot:Selecting response from 2 optimal responses.
INFO:chatterbot.response_selection:Selecting first response from list of 2 options.
INFO:chatterbot.chatterbot:Response selected. Using "a: i may be able to assist! please see possible solution \n1)cause:battery may be defective.solution:replace the battery."
INFO:chatterbot.chatterbot:BestMatch selected "a: i may be able to assist! please see possible solution \n1)cause:battery may be defective.solution:replace the battery." as a response with a confidence of 0.93
INFO:chatterbot.chatterbot:Adding "battery not charging" as a response to "None"
INFO:chatterbot.chatterbot:Beginning search for close text match
WARNING:chatterbot.chatterbot:No value for search_text was available on the provided input
INFO:chatterbot.chatterbot:Processing search results
INFO:chatterbot.chatterbot:Similar text found: q: doesnt seem to charge 0.93
INFO:chatterbot.chatterbot:Using "q: doesnt seem to charge" as a close match to "doesnt seem to charge" with a confidence of 0.93
INFO:chatterbot.chatterbot:Selecting response from 2 optimal responses.
INFO:chatterbot.response_selection:Selecting first response from list of 2 options.
INFO:chatterbot.chatterbot:Response selected. Using "a: i may be able to assist! please see possible solution \n1)cause:battery may be defective.solution:replace the battery."
INFO:chatterbot.chatterbot:BestMatch selected "a: i may be able to assist! please see possible solution \n1)cause:battery may be defective.solution:replace the battery." as a response with a confidence of 0.93
INFO:chatterbot.chatterbot:Adding "doesnt seem to charge" as a response to "battery not charging"
INFO:chatterbot.chatterbot:Beginning search for close text match
WARNING:chatterbot.chatterbot:No value for search_text was available on the provided input
INFO:chatterbot.chatterbot:Processing search results
INFO:chatterbot.chatterbot:Similar text found: q: doesnt seem to charge 0.93
INFO:chatterbot.chatterbot:Similar text found: doesnt seem to charge 1.0
INFO:chatterbot.chatterbot:Using "doesnt seem to charge" as a close match to "doesnt seem to charge" with a confidence of 1.0
INFO:chatterbot.chatterbot:Selecting response from 1 optimal responses.
INFO:chatterbot.response_selection:Selecting first response from list of 1 options.
INFO:chatterbot.chatterbot:Response selected. Using "a: i may be able to assist! please see possible solution \n1)cause:battery may be defective.solution:replace the battery."
INFO:chatterbot.chatterbot:BestMatch selected "a: i may be able to assist! please see possible solution \n1)cause:battery may be defective.solution:replace the battery." as a response with a confidence of 1.0
INFO:chatterbot.chatterbot:Adding "doesnt seem to charge" as a response to "doesnt seem to charge"
INFO:chatterbot.chatterbot:Beginning search for close text match
WARNING:chatterbot.chatterbot:No value for search_text was available on the provided input
INFO:chatterbot.chatterbot:Processing search results
INFO:chatterbot.chatterbot:Using "need help" as a close match to "need help" with a confidence of 0
INFO:chatterbot.chatterbot:0. Excluding recent repeated response of "a: i may be able to assist! please see possible solution \n1)cause:battery may be defective.solution:replace the battery."
INFO:chatterbot.chatterbot:Selecting response from 5 optimal responses.
INFO:chatterbot.response_selection:Selecting first response from list of 5 options.
INFO:chatterbot.chatterbot:Response selected. Using "q: i'm sorry, but i don't have a response to your statement."
INFO:chatterbot.chatterbot:BestMatch selected "q: i'm sorry, but i don't have a response to your statement." as a response with a confidence of 0
INFO:chatterbot.chatterbot:Adding "need help" as a response to "doesnt seem to charge"
INFO:chatterbot.chatterbot:Beginning search for close text match
WARNING:chatterbot.chatterbot:No value for search_text was available on the provided input
INFO:chatterbot.chatterbot:Processing search results
INFO:chatterbot.chatterbot:Similar text found: q: doesnt seem to charge 0.93
INFO:chatterbot.chatterbot:Similar text found: doesnt seem to charge 1.0
INFO:chatterbot.chatterbot:Using "doesnt seem to charge" as a close match to "doesnt seem to charge" with a confidence of 1.0
INFO:chatterbot.chatterbot:0. Excluding recent repeated response of "a: i may be able to assist! please see possible solution \n1)cause:battery may be defective.solution:replace the battery."
INFO:chatterbot.chatterbot:Selecting response from 2 optimal responses.
INFO:chatterbot.response_selection:Selecting first response from list of 2 options.
INFO:chatterbot.chatterbot:Response selected. Using "doesnt seem to charge"
INFO:chatterbot.chatterbot:BestMatch selected "doesnt seem to charge" as a response with a confidence of 1.0
INFO:chatterbot.chatterbot:Adding "doesnt seem to charge" as a response to "need help"
INFO:chatterbot.chatterbot:Beginning search for close text match
WARNING:chatterbot.chatterbot:No value for search_text was available on the provided input
INFO:chatterbot.chatterbot:Processing search results
INFO:chatterbot.chatterbot:Similar text found: q: battery not charging 0.93
INFO:chatterbot.chatterbot:Similar text found: battery not charging 1.0
INFO:chatterbot.chatterbot:Using "battery not charging" as a close match to "battery not charging" with a confidence of 1.0
INFO:chatterbot.chatterbot:0. Excluding recent repeated response of "doesnt seem to charge"
INFO:chatterbot.chatterbot:1. Excluding recent repeated response of "a: i may be able to assist! please see possible solution \n1)cause:battery may be defective.solution:replace the battery."
INFO:chatterbot.chatterbot:No responses found. Generating alternate response list.
INFO:chatterbot.chatterbot:No known response to the input was found. Selecting basic response.
INFO:chatterbot.chatterbot:BestMatch selected "a: i may be able to assist! please see possible solution \n1)cause:battery may be defective.solution:replace the battery." as a response with a confidence of 0
INFO:chatterbot.chatterbot:Adding "battery not charging" as a response to "doesnt seem to charge"
INFO:chatterbot.chatterbot:Beginning search for close text match
WARNING:chatterbot.chatterbot:No value for search_text was available on the provided input
INFO:chatterbot.chatterbot:Processing search results
INFO:chatterbot.chatterbot:Similar text found: q: battery not charging 0.93
INFO:chatterbot.chatterbot:Similar text found: battery not charging 1.0
INFO:chatterbot.chatterbot:Using "battery not charging" as a close match to "battery not charging" with a confidence of 1.0
INFO:chatterbot.chatterbot:0. Excluding recent repeated response of "doesnt seem to charge"
INFO:chatterbot.chatterbot:1. Excluding recent repeated response of "a: i may be able to assist! please see possible solution \n1)cause:battery may be defective.solution:replace the battery."
INFO:chatterbot.chatterbot:No responses found. Generating alternate response list.
INFO:chatterbot.chatterbot:No known response to the input was found. Selecting basic response.
INFO:chatterbot.chatterbot:BestMatch selected "a: i may be able to assist! please see possible solution \n1)cause:battery may be defective.solution:replace the battery." as a response with a confidence of 0
INFO:chatterbot.chatterbot:Adding "battery not charging" as a response to "battery not charging"
INFO:chatterbot.chatterbot:Beginning search for close text match
WARNING:chatterbot.chatterbot:No value for search_text was available on the provided input
INFO:chatterbot.chatterbot:Processing search results
INFO:chatterbot.chatterbot:Similar text found: q: battery not charging 0.93
INFO:chatterbot.chatterbot:Similar text found: battery not charging 1.0
INFO:chatterbot.chatterbot:Using "battery not charging" as a close match to "battery not charging" with a confidence of 1.0
INFO:chatterbot.chatterbot:0. Excluding recent repeated response of "doesnt seem to charge"
INFO:chatterbot.chatterbot:1. Excluding recent repeated response of "a: i may be able to assist! please see possible solution \n1)cause:battery may be defective.solution:replace the battery."
INFO:chatterbot.chatterbot:Selecting response from 1 optimal responses.
INFO:chatterbot.response_selection:Selecting first response from list of 1 options.
INFO:chatterbot.chatterbot:Response selected. Using "battery not charging"
INFO:chatterbot.chatterbot:BestMatch selected "battery not charging" as a response with a confidence of 1.0
INFO:chatterbot.chatterbot:Adding "battery not charging" as a response to "battery not charging"
INFO:chatterbot.chatterbot:Beginning search for close text match
WARNING:chatterbot.chatterbot:No value for search_text was available on the provided input
INFO:chatterbot.chatterbot:Processing search results
INFO:chatterbot.chatterbot:Using "" as a close match to "" with a confidence of 0
INFO:chatterbot.chatterbot:0. Excluding recent repeated response of "battery not charging"
INFO:chatterbot.chatterbot:Selecting response from 6 optimal responses.
INFO:chatterbot.response_selection:Selecting first response from list of 6 options.
INFO:chatterbot.chatterbot:Response selected. Using "q: i'm sorry, but i don't have a response to your statement."
INFO:chatterbot.chatterbot:BestMatch selected "q: i'm sorry, but i don't have a response to your statement." as a response with a confidence of 0
INFO:chatterbot.chatterbot:Adding "" as a response to "battery not charging"
INFO:chatterbot.chatterbot:Beginning search for close text match
WARNING:chatterbot.chatterbot:No value for search_text was available on the provided input
INFO:chatterbot.chatterbot:Processing search results
INFO:chatterbot.chatterbot:Using "hi" as a close match to "hi" with a confidence of 0
INFO:chatterbot.chatterbot:0. Excluding recent repeated response of "battery not charging"
INFO:chatterbot.chatterbot:Selecting response from 7 optimal responses.
INFO:chatterbot.response_selection:Selecting first response from list of 7 options.
INFO:chatterbot.chatterbot:Response selected. Using "q: i'm sorry, but i don't have a response to your statement."
INFO:chatterbot.chatterbot:BestMatch selected "q: i'm sorry, but i don't have a response to your statement." as a response with a confidence of 0
INFO:chatterbot.chatterbot:Adding "hi" as a response to "q: i'm sorry, but i don't have a response to your statement."
INFO:chatterbot.chatterbot:Beginning search for close text match
WARNING:chatterbot.chatterbot:No value for search_text was available on the provided input
INFO:chatterbot.chatterbot:Processing search results
INFO:chatterbot.chatterbot:Using "hello" as a close match to "hello" with a confidence of 0
INFO:chatterbot.chatterbot:0. Excluding recent repeated response of "battery not charging"
INFO:chatterbot.chatterbot:Selecting response from 7 optimal responses.
INFO:chatterbot.response_selection:Selecting first response from list of 7 options.
INFO:chatterbot.chatterbot:Response selected. Using "q: i'm sorry, but i don't have a response to your statement."
INFO:chatterbot.chatterbot:BestMatch selected "q: i'm sorry, but i don't have a response to your statement." as a response with a confidence of 0
INFO:chatterbot.chatterbot:Adding "hello" as a response to "hi"
INFO:chatterbot.chatterbot:Beginning search for close text match
WARNING:chatterbot.chatterbot:No value for search_text was available on the provided input
INFO:chatterbot.chatterbot:Processing search results
INFO:chatterbot.chatterbot:Similar text found: q: battery not charging 0.69
INFO:chatterbot.chatterbot:Similar text found: battery not charging 0.75
INFO:chatterbot.chatterbot:Using "battery not charging" as a close match to "not charging" with a confidence of 0.75
INFO:chatterbot.chatterbot:0. Excluding recent repeated response of "battery not charging"
INFO:chatterbot.chatterbot:1. Excluding recent repeated response of "q: i'm sorry, but i don't have a response to your statement."
INFO:chatterbot.chatterbot:Selecting response from 5 optimal responses.
INFO:chatterbot.response_selection:Selecting first response from list of 5 options.
INFO:chatterbot.chatterbot:Response selected. Using "a: i may be able to assist! please see possible solution \n1)cause:battery may be defective.solution:replace the battery."
INFO:chatterbot.chatterbot:BestMatch selected "a: i may be able to assist! please see possible solution \n1)cause:battery may be defective.solution:replace the battery." as a response with a confidence of 0.75
INFO:chatterbot.chatterbot:Adding "not charging" as a response to "hello"
INFO:chatterbot.chatterbot:Beginning search for close text match
WARNING:chatterbot.chatterbot:No value for search_text was available on the provided input
INFO:chatterbot.chatterbot:Processing search results
INFO:chatterbot.chatterbot:Similar text found: q: battery not charging 0.93
INFO:chatterbot.chatterbot:Similar text found: battery not charging 1.0
INFO:chatterbot.chatterbot:Using "battery not charging" as a close match to "battery not charging" with a confidence of 1.0
INFO:chatterbot.chatterbot:0. Excluding recent repeated response of "q: i'm sorry, but i don't have a response to your statement."
INFO:chatterbot.chatterbot:Selecting response from 9 optimal responses.
INFO:chatterbot.response_selection:Selecting first response from list of 9 options.
INFO:chatterbot.chatterbot:Response selected. Using "a: i may be able to assist! please see possible solution \n1)cause:battery may be defective.solution:replace the battery."
INFO:chatterbot.chatterbot:BestMatch selected "a: i may be able to assist! please see possible solution \n1)cause:battery may be defective.solution:replace the battery." as a response with a confidence of 1.0
INFO:chatterbot.chatterbot:Adding "battery not charging" as a response to "not charging"
INFO:chatterbot.chatterbot:Beginning search for close text match
WARNING:chatterbot.chatterbot:No value for search_text was available on the provided input
INFO:chatterbot.chatterbot:Processing search results
INFO:chatterbot.chatterbot:Similar text found: q: battery not charging 0.69
INFO:chatterbot.chatterbot:Similar text found: battery not charging 0.75
INFO:chatterbot.chatterbot:Using "battery not charging" as a close match to "not charging" with a confidence of 0.75
INFO:chatterbot.chatterbot:0. Excluding recent repeated response of "q: i'm sorry, but i don't have a response to your statement."
INFO:chatterbot.chatterbot:Selecting response from 11 optimal responses.
INFO:chatterbot.response_selection:Selecting first response from list of 11 options.
INFO:chatterbot.chatterbot:Response selected. Using "a: i may be able to assist! please see possible solution \n1)cause:battery may be defective.solution:replace the battery."
INFO:chatterbot.chatterbot:BestMatch selected "a: i may be able to assist! please see possible solution \n1)cause:battery may be defective.solution:replace the battery." as a response with a confidence of 0.75
INFO:chatterbot.chatterbot:Adding "not charging" as a response to "battery not charging"
INFO:chatterbot.chatterbot:Beginning search for close text match
WARNING:chatterbot.chatterbot:No value for search_text was available on the provided input
INFO:chatterbot.chatterbot:Processing search results
INFO:chatterbot.chatterbot:Using "" as a close match to "" with a confidence of 0
INFO:chatterbot.chatterbot:0. Excluding recent repeated response of "a: i may be able to assist! please see possible solution \n1)cause:battery may be defective.solution:replace the battery."
INFO:chatterbot.chatterbot:Selecting response from 11 optimal responses.
INFO:chatterbot.response_selection:Selecting first response from list of 11 options.
INFO:chatterbot.chatterbot:Response selected. Using "q: i'm sorry, but i don't have a response to your statement."
INFO:chatterbot.chatterbot:BestMatch selected "q: i'm sorry, but i don't have a response to your statement." as a response with a confidence of 0
INFO:chatterbot.chatterbot:Adding "" as a response to "not charging"
INFO:chatterbot.chatterbot:Beginning search for close text match
WARNING:chatterbot.chatterbot:No value for search_text was available on the provided input
INFO:chatterbot.chatterbot:Processing search results
INFO:chatterbot.chatterbot:Similar text found: q: battery not charging 0.69
INFO:chatterbot.chatterbot:Similar text found: battery not charging 0.75
INFO:chatterbot.chatterbot:Using "battery not charging" as a close match to "not charging" with a confidence of 0.75
INFO:chatterbot.chatterbot:0. Excluding recent repeated response of "a: i may be able to assist! please see possible solution \n1)cause:battery may be defective.solution:replace the battery."
INFO:chatterbot.chatterbot:Selecting response from 8 optimal responses.
INFO:chatterbot.response_selection:Selecting first response from list of 8 options.
INFO:chatterbot.chatterbot:Response selected. Using "doesnt seem to charge"
INFO:chatterbot.chatterbot:BestMatch selected "doesnt seem to charge" as a response with a confidence of 0.75
INFO:chatterbot.chatterbot:Adding "not charging" as a response to "q: i'm sorry, but i don't have a response to your statement."
INFO:chatterbot.chatterbot:Beginning search for close text match
WARNING:chatterbot.chatterbot:No value for search_text was available on the provided input
INFO:chatterbot.chatterbot:Processing search results
INFO:chatterbot.chatterbot:Similar text found: q: battery not charging 0.93
INFO:chatterbot.chatterbot:Similar text found: battery not charging 1.0
INFO:chatterbot.chatterbot:Using "battery not charging" as a close match to "battery not charging" with a confidence of 1.0
INFO:chatterbot.chatterbot:0. Excluding recent repeated response of "not charging"
INFO:chatterbot.chatterbot:1. Excluding recent repeated response of "a: i may be able to assist! please see possible solution \n1)cause:battery may be defective.solution:replace the battery."
INFO:chatterbot.chatterbot:Selecting response from 8 optimal responses.
INFO:chatterbot.response_selection:Selecting first response from list of 8 options.
INFO:chatterbot.chatterbot:Response selected. Using "doesnt seem to charge"
INFO:chatterbot.chatterbot:BestMatch selected "doesnt seem to charge" as a response with a confidence of 1.0
INFO:chatterbot.chatterbot:Adding "battery not charging" as a response to "not charging"
INFO:chatterbot.chatterbot:Beginning search for close text match
WARNING:chatterbot.chatterbot:No value for search_text was available on the provided input
INFO:chatterbot.chatterbot:Processing search results
INFO:chatterbot.chatterbot:Similar text found: q: battery not charging 0.93
INFO:chatterbot.chatterbot:Using "q: battery not charging" as a close match to "battery not charging" with a confidence of 0.93
INFO:chatterbot.chatterbot:Selecting response from 1 optimal responses.
INFO:chatterbot.response_selection:Selecting first response from list of 1 options.
INFO:chatterbot.chatterbot:Response selected. Using "a: i may be able to assist! please see possible solution \n1)cause:battery may be defective.solution:replace the battery."
INFO:chatterbot.chatterbot:BestMatch selected "a: i may be able to assist! please see possible solution \n1)cause:battery may be defective.solution:replace the battery." as a response with a confidence of 0.93
INFO:chatterbot.chatterbot:Adding "battery not charging" as a response to "None"
INFO:chatterbot.chatterbot:Beginning search for close text match
WARNING:chatterbot.chatterbot:No value for search_text was available on the provided input
INFO:chatterbot.chatterbot:Processing search results
INFO:chatterbot.chatterbot:Similar text found: q: battery not charging 0.93
INFO:chatterbot.chatterbot:Similar text found: battery not charging 1.0
INFO:chatterbot.chatterbot:Using "battery not charging" as a close match to "battery not charging" with a confidence of 1.0
INFO:chatterbot.chatterbot:Selecting response from 1 optimal responses.
INFO:chatterbot.response_selection:Selecting first response from list of 1 options.
INFO:chatterbot.chatterbot:Response selected. Using "a: i may be able to assist! please see possible solution \n1)cause:battery may be defective.solution:replace the battery."
INFO:chatterbot.chatterbot:BestMatch selected "a: i may be able to assist! please see possible solution \n1)cause:battery may be defective.solution:replace the battery." as a response with a confidence of 1.0
INFO:chatterbot.chatterbot:Adding "battery not charging" as a response to "battery not charging"
INFO:chatterbot.chatterbot:Beginning search for close text match
WARNING:chatterbot.chatterbot:No value for search_text was available on the provided input
INFO:chatterbot.chatterbot:Processing search results
INFO:chatterbot.chatterbot:Similar text found: q: battery not charging 0.93
INFO:chatterbot.chatterbot:Similar text found: battery not charging 1.0
INFO:chatterbot.chatterbot:Using "battery not charging" as a close match to "battery not charging" with a confidence of 1.0
INFO:chatterbot.chatterbot:Selecting response from 3 optimal responses.
INFO:chatterbot.response_selection:Selecting first response from list of 3 options.
INFO:chatterbot.chatterbot:Response selected. Using "a: i may be able to assist! please see possible solution \n1)cause:battery may be defective.solution:replace the battery."
INFO:chatterbot.chatterbot:BestMatch selected "a: i may be able to assist! please see possible solution \n1)cause:battery may be defective.solution:replace the battery." as a response with a confidence of 1.0
INFO:chatterbot.chatterbot:Adding "battery not charging" as a response to "battery not charging"
INFO:chatterbot.chatterbot:Beginning search for close text match
WARNING:chatterbot.chatterbot:No value for search_text was available on the provided input
INFO:chatterbot.chatterbot:Processing search results
INFO:chatterbot.chatterbot:Similar text found: q: battery not charging 0.93
INFO:chatterbot.chatterbot:Similar text found: battery not charging 1.0
INFO:chatterbot.chatterbot:Using "battery not charging" as a close match to "battery not charging" with a confidence of 1.0
INFO:chatterbot.chatterbot:0. Excluding recent repeated response of "battery not charging"
INFO:chatterbot.chatterbot:1. Excluding recent repeated response of "a: i may be able to assist! please see possible solution \n1)cause:battery may be defective.solution:replace the battery."
INFO:chatterbot.chatterbot:No responses found. Generating alternate response list.
INFO:chatterbot.chatterbot:No known response to the input was found. Selecting basic response.
INFO:chatterbot.chatterbot:BestMatch selected "q: battery charging problem" as a response with a confidence of 0
INFO:chatterbot.chatterbot:Adding "battery not charging" as a response to "battery not charging"
INFO:chatterbot.chatterbot:Beginning search for close text match
WARNING:chatterbot.chatterbot:No value for search_text was available on the provided input
INFO:chatterbot.chatterbot:Processing search results
INFO:chatterbot.chatterbot:Similar text found: q: battery not charging 0.93
INFO:chatterbot.chatterbot:Using "q: battery not charging" as a close match to "battery not charging" with a confidence of 0.93
INFO:chatterbot.chatterbot:Selecting response from 1 optimal responses.
INFO:chatterbot.response_selection:Selecting first response from list of 1 options.
INFO:chatterbot.chatterbot:Response selected. Using "a: i may be able to assist! please see possible solution \n1)cause:battery may be defective.solution:replace the battery."
INFO:chatterbot.chatterbot:BestMatch selected "a: i may be able to assist! please see possible solution \n1)cause:battery may be defective.solution:replace the battery." as a response with a confidence of 0.93
INFO:chatterbot.chatterbot:Adding "battery not charging" as a response to "None"
INFO:chatterbot.chatterbot:Beginning search for close text match
WARNING:chatterbot.chatterbot:No value for search_text was available on the provided input
INFO:chatterbot.chatterbot:Processing search results
INFO:chatterbot.chatterbot:Similar text found: q: battery not charging 0.93
INFO:chatterbot.chatterbot:Using "q: battery not charging" as a close match to "battery not charging" with a confidence of 0.93
INFO:chatterbot.chatterbot:Selecting response from 1 optimal responses.
INFO:chatterbot.response_selection:Selecting first response from list of 1 options.
INFO:chatterbot.chatterbot:Response selected. Using "a: i may be able to assist! please see possible solution \n1)cause:battery may be defective.solution:replace the battery."
INFO:chatterbot.chatterbot:BestMatch selected "a: i may be able to assist! please see possible solution \n1)cause:battery may be defective.solution:replace the battery." as a response with a confidence of 0.93
INFO:chatterbot.chatterbot:Adding "battery not charging" as a response to "None"
